<?xml version="1.0" encoding="UTF-8"?>
<!-- Generated by org.testng.reporters.JUnitXMLReporter -->
<testsuite ignored="0" hostname="Aruns-MacBook-Pro.local" failures="2" tests="2" name="Command line test" time="14.648" errors="0" timestamp="2021-02-26T18:25:02 IST">
  <testcase classname="com.sample.getHyphenTest" name="createPost" time="12.892">
    <failure type="java.lang.IndexOutOfBoundsException" message="Index 0 out of bounds for length 0">
      <![CDATA[java.lang.IndexOutOfBoundsException: Index 0 out of bounds for length 0
at java.base/jdk.internal.util.Preconditions.outOfBounds(Preconditions.java:64)
at java.base/jdk.internal.util.Preconditions.outOfBoundsCheckIndex(Preconditions.java:70)
at java.base/jdk.internal.util.Preconditions.checkIndex(Preconditions.java:248)
at java.base/java.util.Objects.checkIndex(Objects.java:359)
at java.base/java.util.ArrayList.get(ArrayList.java:427)
at org.openqa.selenium.support.pagefactory.internal.LocatingElementListHandler.invoke(LocatingElementListHandler.java:39)
at com.sun.proxy.$Proxy9.get(Unknown Source)
at com.sample.pages.CreateNewPostPage.enterTextToWritePost(CreateNewPostPage.java:110)
at com.sample.pages.CreateNewPostPage.writePost(CreateNewPostPage.java:134)
at com.sample.getHyphenTest.createPost(getHyphenTest.java:57)
at java.base/java.util.concurrent.FutureTask.run(FutureTask.java:264)
at java.base/java.util.concurrent.Executors$RunnableAdapter.call(Executors.java:515)
at java.base/java.util.concurrent.FutureTask.run(FutureTask.java:264)
at java.base/java.util.concurrent.ThreadPoolExecutor.runWorker(ThreadPoolExecutor.java:1130)
at java.base/java.util.concurrent.ThreadPoolExecutor$Worker.run(ThreadPoolExecutor.java:630)
at java.base/java.lang.Thread.run(Thread.java:832)
... Removed 12 stack frames]]>
    </failure>
  </testcase> <!-- createPost -->
  <testcase classname="com.sample.getHyphenTest" name="createPost" time="14.326">
    <failure type="java.lang.NullPointerException" message="Cannot invoke &amp;quot;org.json.JSONObject.length()&amp;quot; because &amp;quot;optionsObj&amp;quot; is null">
      <![CDATA[java.lang.NullPointerException: Cannot invoke "org.json.JSONObject.length()" because "optionsObj" is null
at com.sample.pages.CreateNewPostPage.enterTextToWritePost(CreateNewPostPage.java:108)
at com.sample.pages.CreateNewPostPage.writePost(CreateNewPostPage.java:134)
at com.sample.getHyphenTest.createPost(getHyphenTest.java:57)
at java.base/java.util.concurrent.FutureTask.run(FutureTask.java:264)
at java.base/java.util.concurrent.Executors$RunnableAdapter.call(Executors.java:515)
at java.base/java.util.concurrent.FutureTask.run(FutureTask.java:264)
at java.base/java.util.concurrent.ThreadPoolExecutor.runWorker(ThreadPoolExecutor.java:1130)
at java.base/java.util.concurrent.ThreadPoolExecutor$Worker.run(ThreadPoolExecutor.java:630)
at java.base/java.lang.Thread.run(Thread.java:832)
... Removed 9 stack frames]]>
    </failure>
  </testcase> <!-- createPost -->
</testsuite> <!-- Command line test -->
