-------------------------------------------------------------------------------
Test set: com.sample.getHyphenTest
-------------------------------------------------------------------------------
Tests run: 2, Failures: 2, Errors: 0, Skipped: 0, Time elapsed: 15.052 sec <<< FAILURE!
createPost(com.sample.getHyphenTest)  Time elapsed: 12.896 sec  <<< FAILURE!
java.lang.IndexOutOfBoundsException: Index 0 out of bounds for length 0
	at java.base/jdk.internal.util.Preconditions.outOfBounds(Preconditions.java:64)
	at java.base/jdk.internal.util.Preconditions.outOfBoundsCheckIndex(Preconditions.java:70)
	at java.base/jdk.internal.util.Preconditions.checkIndex(Preconditions.java:248)
	at java.base/java.util.Objects.checkIndex(Objects.java:359)
	at java.base/java.util.ArrayList.get(ArrayList.java:427)
	at java.base/jdk.internal.reflect.GeneratedMethodAccessor1.invoke(Unknown Source)
	at java.base/jdk.internal.reflect.DelegatingMethodAccessorImpl.invoke(DelegatingMethodAccessorImpl.java:43)
	at java.base/java.lang.reflect.Method.invoke(Method.java:564)
	at org.openqa.selenium.support.pagefactory.internal.LocatingElementListHandler.invoke(LocatingElementListHandler.java:39)
	at com.sun.proxy.$Proxy9.get(Unknown Source)
	at com.sample.pages.CreateNewPostPage.enterTextToWritePost(CreateNewPostPage.java:110)
	at com.sample.pages.CreateNewPostPage.writePost(CreateNewPostPage.java:134)
	at com.sample.getHyphenTest.createPost(getHyphenTest.java:57)

createPost(com.sample.getHyphenTest)  Time elapsed: 14.327 sec  <<< FAILURE!
java.lang.NullPointerException: Cannot invoke "org.json.JSONObject.length()" because "optionsObj" is null
	at com.sample.pages.CreateNewPostPage.enterTextToWritePost(CreateNewPostPage.java:108)
	at com.sample.pages.CreateNewPostPage.writePost(CreateNewPostPage.java:134)
	at com.sample.getHyphenTest.createPost(getHyphenTest.java:57)

