<?xml version="1.0" encoding="UTF-8"?>
<testng-results ignored="0" total="1" passed="1" failed="0" skipped="0">
  <reporter-output>
  </reporter-output>
  <suite started-at="2021-02-26T16:48:23 IST" name="com.sample.getHyphenTest" finished-at="2021-02-26T16:48:41 IST" duration-ms="17443">
    <groups>
    </groups>
    <test started-at="2021-02-26T16:48:23 IST" name="Command line test" finished-at="2021-02-26T16:48:41 IST" duration-ms="17443">
      <class name="com.sample.getHyphenTest">
        <test-method is-config="true" signature="launch()[pri:0, instance:com.sample.getHyphenTest@1060b431]" started-at="2021-02-26T16:48:23 IST" name="launch" finished-at="2021-02-26T16:48:23 IST" duration-ms="285" status="PASS">
          <reporter-output>
          </reporter-output>
        </test-method> <!-- launch -->
        <test-method signature="createPost(com.sample.dataprovider.TestDataFactory)[pri:0, instance:com.sample.getHyphenTest@1060b431]" started-at="2021-02-26T16:48:23 IST" name="createPost" data-provider="createPostData" finished-at="2021-02-26T16:48:41 IST" duration-ms="17134" status="PASS">
          <params>
            <param index="0">
              <value>
                <![CDATA[com.sample.dataprovider.TestDataFactory@24959ca4]]>
              </value>
            </param>
          </params>
          <reporter-output>
          </reporter-output>
        </test-method> <!-- createPost -->
      </class> <!-- com.sample.getHyphenTest -->
    </test> <!-- Command line test -->
  </suite> <!-- com.sample.getHyphenTest -->
</testng-results>
