<?xml version="1.0" encoding="UTF-8" ?>
<testsuite tests="2" failures="2" name="com.sample.getHyphenTest" time="27.223" errors="0" skipped="0">
  <properties>
[...]
</properties>
  <testcase classname="com.sample.getHyphenTest" name="createPost" time="12.896">
    <failure message="Index 0 out of bounds for length 0" type="java.lang.IndexOutOfBoundsException">java.lang.IndexOutOfBoundsException: Index 0 out of bounds for length 0
	at java.base/jdk.internal.util.Preconditions.outOfBounds(Preconditions.java:64)
	at java.base/jdk.internal.util.Preconditions.outOfBoundsCheckIndex(Preconditions.java:70)
	at java.base/jdk.internal.util.Preconditions.checkIndex(Preconditions.java:248)
	at java.base/java.util.Objects.checkIndex(Objects.java:359)
	at java.base/java.util.ArrayList.get(ArrayList.java:427)
	at java.base/jdk.internal.reflect.GeneratedMethodAccessor1.invoke(Unknown Source)
	at java.base/jdk.internal.reflect.DelegatingMethodAccessorImpl.invoke(DelegatingMethodAccessorImpl.java:43)
	at java.base/java.lang.reflect.Method.invoke(Method.java:564)
	at org.openqa.selenium.support.pagefactory.internal.LocatingElementListHandler.invoke(LocatingElementListHandler.java:39)
	at com.sun.proxy.$Proxy9.get(Unknown Source)
	at com.sample.pages.CreateNewPostPage.enterTextToWritePost(CreateNewPostPage.java:110)
	at com.sample.pages.CreateNewPostPage.writePost(CreateNewPostPage.java:134)
	at com.sample.getHyphenTest.createPost(getHyphenTest.java:57)
</failure>
    <system-out>Configuring TestNG with: org.apache.maven.surefire.testng.conf.TestNG652Configurator@2be94b0f
createPost
Anonymous
Official
14
Your Private Groups
Women in Business
SF Bay Area
R&amp;D team
Arnaud
Forum (All Merged)
Your Channels
Chat with Meagan
CEO Ask Me Anything
Pulse Survey - For Forum
Ask anything to your CEO at anytime
Any Suggestion
Ask CHRO Anything
Ask HR anything
</system-out>
    <system-err>SLF4J: Failed to load class &quot;org.slf4j.impl.StaticLoggerBinder&quot;.
SLF4J: Defaulting to no-operation (NOP) logger implementation
SLF4J: See http://www.slf4j.org/codes.html#StaticLoggerBinder for further details.
StaStrting arting ChromeDChromeDriver 88.0.4324.96 (68dribaver 88.2d8a00.43b14924.96 (6a18dba2dd3afa8ca0b149a1d3af56fa74648032bcf46b-refs/branchac56fa746-hea480ds/4324@{#1784}) on port3 1703
Only lo2cbaclf co4n6b-nectreions are alfs/brloweand.
Please see https://chrch-heads/43om24@ed{#1river.chr78omium.org/4}sec) on uporityrt 56-con19
Onsly local idconnectionesr atarionse  fallowoed.
Pr lease see https://suchrggoemsedrivtions on keeping Chreor.chromiumme.orDrivg/secer safe.
urChroitmeyDrive-cr was stoartend susiccederssfuations lly.
for suggestions on keeping ChromeDriver safe.
ChromeDriver was started successfully.
Feb 26, 2021 6:24:50 PM org.openqa.selenium.remote.ProtocolHandshake createSession
INFO: Detected dialect: W3C
Feb 26, 2021 6:24:50 PM org.openqa.selenium.remote.ProtocolHandshake createSession
INFO: Detected dialect: W3C
</system-err>
  </testcase>
  <testcase classname="com.sample.getHyphenTest" name="createPost" time="14.327">
    <failure message="Cannot invoke &quot;org.json.JSONObject.length()&quot; because &quot;optionsObj&quot; is null" type="java.lang.NullPointerException">java.lang.NullPointerException: Cannot invoke &quot;org.json.JSONObject.length()&quot; because &quot;optionsObj&quot; is null
	at com.sample.pages.CreateNewPostPage.enterTextToWritePost(CreateNewPostPage.java:108)
	at com.sample.pages.CreateNewPostPage.writePost(CreateNewPostPage.java:134)
	at com.sample.getHyphenTest.createPost(getHyphenTest.java:57)
</failure>
    <system-out>Anonymous
14
Your Private Groups
Women in Business
SF Bay Area
R&amp;D team
Arnaud
</system-out>
  </testcase>
</testsuite>